<?xml version="1.0" encoding="UTF-8"?>
<!-- Generated by org.testng.reporters.JUnitReportReporter -->
<testsuite skipped="0" hostname="SL-1606" name="web.tests.SauceDemoWebRDCTest" tests="1" failures="0" timestamp="2021-08-23T09:48:33 AEST" time="0.365" errors="1">
  <testcase name="loginTest" time="0.365" classname="web.tests.SauceDemoWebRDCTest">
    <error type="org.openqa.selenium.JavascriptException" message="javascript error: Unexpected identifier
  (Session info: chrome=92.0.4515.159)
  (Driver info: chromedriver=92.0.4515.43 (8c61b7e2989f2990d42f859cac71319137787cce-refs/branch-heads/4515@{#306}),platform=Linux 4.15.0-136-generic x86_64) (WARNING: The server did not provide any stacktrace information)
Command duration or timeout: 0 milliseconds
Build info: version: &#039;3.141.0&#039;, revision: &#039;2ecb7d9a&#039;, time: &#039;2018-10-31T20:09:30&#039;
System info: host: &#039;SL-1606&#039;, ip: &#039;fd11:d543:e838:0:d19e:5075:5bd0:7ad1%en0&#039;, os.name: &#039;Mac OS X&#039;, os.arch: &#039;x86_64&#039;, os.version: &#039;10.16&#039;, java.version: &#039;1.8.0_275&#039;
Driver info: io.appium.java_client.android.AndroidDriver
Capabilities {adbPort: 15027, appActivity: com.google.android.apps.chr..., appPackage: com.android.chrome, browserName: Chrome, build: Java-TestNG-Appium-Android, chromeOptions: {w3c: false}, chromedriverChromeMappingFile: /root/.testobject_devices/w..., chromedriverExecutableDir: /root/.testobject_devices/w..., chromedriverPorts: [[26270, 26280]], databaseEnabled: false, desired: {adbPort: 15027, browserName: Chrome, build: Java-TestNG-Appium-Android, chromeOptions: {w3c: false}, chromedriverChromeMappingFile: /root/.testobject_devices/w..., chromedriverExecutableDir: /root/.testobject_devices/w..., chromedriverPorts: [[26270, 26280]], deviceName: Google_Pixel_XL_real_us, deviceOrientation: portrait, name: SauceDemoWebRDCTest, newCommandTimeout: 240, platformName: Android, suppressKillServer: true, systemPort: 8227, testobject_device: Google Pixel XL, testobject_platform_name: Android, testobject_test_name: SauceDemoWebRDCTest, uiautomator2ServerInstallTimeout: 60000}, deviceApiLevel: 29, deviceContextId: b82dd9b8-0257-4092-ad25-640..., deviceManufacturer: Google, deviceModel: Pixel XL, deviceName: 10.101.64.29:16027, deviceOrientation: portrait, deviceScreenDensity: 560, deviceScreenSize: 1440x2560, deviceUDID: 10.101.64.29:16027, javascriptEnabled: true, locationContextEnabled: false, name: SauceDemoWebRDCTest, networkConnectionEnabled: true, newCommandTimeout: 240, pixelRatio: 3.5, platform: LINUX, platformName: Android, platformVersion: 10, statBarHeight: 84, suppressKillServer: true, systemPort: 8227, takesScreenshot: true, testobject_device: Google_Pixel_XL_real_us, testobject_device_name: Google Pixel XL, testobject_device_session_id: 99bf4507-bbfd-4b5f-a546-e4e..., testobject_platform_name: Android, testobject_project_id: saucelabs-default, testobject_test_name: SauceDemoWebRDCTest, testobject_test_report_api_url: https://api.us-west-1.sauce..., testobject_test_report_id: 483, testobject_test_report_url: https://app.saucelabs.com/t..., testobject_user_id: etiennesil, uiautomator2ServerInstallTimeout: 60000, viewportRect: {height: 2308, left: 0, top: 84, width: 1440}, warnings: {}, webStorageEnabled: false}
Session ID: 61539f78-9cdb-48b6-a29c-6524bcd7ac8c">
      <![CDATA[org.openqa.selenium.JavascriptException: javascript error: Unexpected identifier
  (Session info: chrome=92.0.4515.159)
  (Driver info: chromedriver=92.0.4515.43 (8c61b7e2989f2990d42f859cac71319137787cce-refs/branch-heads/4515@{#306}),platform=Linux 4.15.0-136-generic x86_64) (WARNING: The server did not provide any stacktrace information)
Command duration or timeout: 0 milliseconds
Build info: version: '3.141.0', revision: '2ecb7d9a', time: '2018-10-31T20:09:30'
System info: host: 'SL-1606', ip: 'fd11:d543:e838:0:d19e:5075:5bd0:7ad1%en0', os.name: 'Mac OS X', os.arch: 'x86_64', os.version: '10.16', java.version: '1.8.0_275'
Driver info: io.appium.java_client.android.AndroidDriver
Capabilities {adbPort: 15027, appActivity: com.google.android.apps.chr..., appPackage: com.android.chrome, browserName: Chrome, build: Java-TestNG-Appium-Android, chromeOptions: {w3c: false}, chromedriverChromeMappingFile: /root/.testobject_devices/w..., chromedriverExecutableDir: /root/.testobject_devices/w..., chromedriverPorts: [[26270, 26280]], databaseEnabled: false, desired: {adbPort: 15027, browserName: Chrome, build: Java-TestNG-Appium-Android, chromeOptions: {w3c: false}, chromedriverChromeMappingFile: /root/.testobject_devices/w..., chromedriverExecutableDir: /root/.testobject_devices/w..., chromedriverPorts: [[26270, 26280]], deviceName: Google_Pixel_XL_real_us, deviceOrientation: portrait, name: SauceDemoWebRDCTest, newCommandTimeout: 240, platformName: Android, suppressKillServer: true, systemPort: 8227, testobject_device: Google Pixel XL, testobject_platform_name: Android, testobject_test_name: SauceDemoWebRDCTest, uiautomator2ServerInstallTimeout: 60000}, deviceApiLevel: 29, deviceContextId: b82dd9b8-0257-4092-ad25-640..., deviceManufacturer: Google, deviceModel: Pixel XL, deviceName: 10.101.64.29:16027, deviceOrientation: portrait, deviceScreenDensity: 560, deviceScreenSize: 1440x2560, deviceUDID: 10.101.64.29:16027, javascriptEnabled: true, locationContextEnabled: false, name: SauceDemoWebRDCTest, networkConnectionEnabled: true, newCommandTimeout: 240, pixelRatio: 3.5, platform: LINUX, platformName: Android, platformVersion: 10, statBarHeight: 84, suppressKillServer: true, systemPort: 8227, takesScreenshot: true, testobject_device: Google_Pixel_XL_real_us, testobject_device_name: Google Pixel XL, testobject_device_session_id: 99bf4507-bbfd-4b5f-a546-e4e..., testobject_platform_name: Android, testobject_project_id: saucelabs-default, testobject_test_name: SauceDemoWebRDCTest, testobject_test_report_api_url: https://api.us-west-1.sauce..., testobject_test_report_id: 483, testobject_test_report_url: https://app.saucelabs.com/t..., testobject_user_id: etiennesil, uiautomator2ServerInstallTimeout: 60000, viewportRect: {height: 2308, left: 0, top: 84, width: 1440}, warnings: {}, webStorageEnabled: false}
Session ID: 61539f78-9cdb-48b6-a29c-6524bcd7ac8c
at sun.reflect.NativeConstructorAccessorImpl.newInstance0(Native Method)
at sun.reflect.NativeConstructorAccessorImpl.newInstance(NativeConstructorAccessorImpl.java:62)
at sun.reflect.DelegatingConstructorAccessorImpl.newInstance(DelegatingConstructorAccessorImpl.java:45)
at java.lang.reflect.Constructor.newInstance(Constructor.java:423)
at org.openqa.selenium.remote.ErrorHandler.createThrowable(ErrorHandler.java:214)
at org.openqa.selenium.remote.ErrorHandler.throwIfResponseFailed(ErrorHandler.java:166)
at org.openqa.selenium.remote.http.JsonHttpResponseCodec.reconstructValue(JsonHttpResponseCodec.java:40)
at org.openqa.selenium.remote.http.AbstractHttpResponseCodec.decode(AbstractHttpResponseCodec.java:80)
at org.openqa.selenium.remote.http.AbstractHttpResponseCodec.decode(AbstractHttpResponseCodec.java:44)
at org.openqa.selenium.remote.HttpCommandExecutor.execute(HttpCommandExecutor.java:158)
at io.appium.java_client.remote.AppiumCommandExecutor.execute(AppiumCommandExecutor.java:247)
at org.openqa.selenium.remote.RemoteWebDriver.execute(RemoteWebDriver.java:552)
at io.appium.java_client.DefaultGenericMobileDriver.execute(DefaultGenericMobileDriver.java:41)
at io.appium.java_client.AppiumDriver.execute(AppiumDriver.java:1)
at io.appium.java_client.android.AndroidDriver.execute(AndroidDriver.java:1)
at org.openqa.selenium.remote.RemoteWebDriver.executeScript(RemoteWebDriver.java:489)
at web.tests.SauceDemoWebRDCTest.loginTest(SauceDemoWebRDCTest.java:76)
at sun.reflect.NativeMethodAccessorImpl.invoke0(Native Method)
at sun.reflect.NativeMethodAccessorImpl.invoke(NativeMethodAccessorImpl.java:62)
at sun.reflect.DelegatingMethodAccessorImpl.invoke(DelegatingMethodAccessorImpl.java:43)
at java.lang.reflect.Method.invoke(Method.java:498)
at org.testng.internal.MethodInvocationHelper.invokeMethod(MethodInvocationHelper.java:133)
at org.testng.internal.TestInvoker.invokeMethod(TestInvoker.java:598)
at org.testng.internal.TestInvoker.invokeTestMethod(TestInvoker.java:173)
at org.testng.internal.MethodRunner.runInSequence(MethodRunner.java:46)
at org.testng.internal.TestInvoker$MethodInvocationAgent.invoke(TestInvoker.java:824)
at org.testng.internal.TestInvoker.invokeTestMethods(TestInvoker.java:146)
at org.testng.internal.TestMethodWorker.invokeTestMethods(TestMethodWorker.java:146)
at org.testng.internal.TestMethodWorker.run(TestMethodWorker.java:128)
at java.util.ArrayList.forEach(ArrayList.java:1259)
at org.testng.TestRunner.privateRun(TestRunner.java:794)
at org.testng.TestRunner.run(TestRunner.java:596)
at org.testng.SuiteRunner.runTest(SuiteRunner.java:377)
at org.testng.SuiteRunner.runSequentially(SuiteRunner.java:371)
at org.testng.SuiteRunner.privateRun(SuiteRunner.java:332)
at org.testng.SuiteRunner.run(SuiteRunner.java:276)
at org.testng.SuiteRunnerWorker.runSuite(SuiteRunnerWorker.java:53)
at org.testng.SuiteRunnerWorker.run(SuiteRunnerWorker.java:96)
at org.testng.TestNG.runSuitesSequentially(TestNG.java:1212)
at org.testng.TestNG.runSuitesLocally(TestNG.java:1134)
at org.testng.TestNG.runSuites(TestNG.java:1063)
at org.testng.TestNG.run(TestNG.java:1031)
at org.testng.remote.AbstractRemoteTestNG.run(AbstractRemoteTestNG.java:115)
at org.testng.remote.RemoteTestNG.initAndRun(RemoteTestNG.java:251)
at org.testng.remote.RemoteTestNG.main(RemoteTestNG.java:77)
]]>
    </error>
  </testcase> <!-- loginTest -->
  <system-out/>
</testsuite> <!-- web.tests.SauceDemoWebRDCTest -->
