<?xml version="1.0" encoding="UTF-8"?>
<!-- Generated by org.testng.reporters.JUnitReportReporter -->
<testsuite skipped="0" hostname="SL-1606" name="web.tests.MySwagLabsVisualDemo" tests="10" failures="0" timestamp="2021-08-23T20:56:19 AEST" time="574.271" errors="0">
  <testcase name="loginTest" time="42.080" classname="web.tests.MySwagLabsVisualDemo"/>
  <system-out/>
  <testcase name="loginTest" time="51.340" classname="web.tests.MySwagLabsVisualDemo"/>
  <system-out/>
  <testcase name="loginTest" time="66.183" classname="web.tests.MySwagLabsVisualDemo"/>
  <system-out/>
  <testcase name="loginTest" time="48.952" classname="web.tests.MySwagLabsVisualDemo"/>
  <system-out/>
  <testcase name="loginTest" time="54.221" classname="web.tests.MySwagLabsVisualDemo"/>
  <system-out/>
  <testcase name="loginTest" time="42.157" classname="web.tests.MySwagLabsVisualDemo"/>
  <system-out/>
  <testcase name="loginTest" time="43.441" classname="web.tests.MySwagLabsVisualDemo"/>
  <system-out/>
  <testcase name="loginTest" time="91.645" classname="web.tests.MySwagLabsVisualDemo"/>
  <system-out/>
  <testcase name="loginTest" time="42.857" classname="web.tests.MySwagLabsVisualDemo"/>
  <system-out/>
  <testcase name="loginTest" time="91.395" classname="web.tests.MySwagLabsVisualDemo"/>
  <system-out/>
</testsuite> <!-- web.tests.MySwagLabsVisualDemo -->
