<?xml version="1.0" encoding="UTF-8"?>
<!-- Generated by org.testng.reporters.JUnitReportReporter -->
<testsuite skipped="0" hostname="SL-1606" name="web.tests.SauceDemoWebSimTest" tests="1" failures="0" timestamp="2021-08-23T21:04:13 AEST" time="11.885" errors="0">
  <testcase name="loginTest" time="11.885" classname="web.tests.SauceDemoWebSimTest"/>
  <system-out/>
</testsuite> <!-- web.tests.SauceDemoWebSimTest -->
