<?xml version="1.0" encoding="UTF-8"?>
<!-- Generated by org.testng.reporters.JUnitReportReporter -->
<testsuite skipped="0" hostname="SL-1606" name="app.tests.SauceDemoAppRDCTest" tests="6" failures="0" timestamp="2021-08-06T15:06:07 AEST" time="370.311" errors="0">
  <testcase name="loginTest" time="105.870" classname="app.tests.SauceDemoAppRDCTest"/>
  <system-out/>
  <testcase name="loginTest" time="37.186" classname="app.tests.SauceDemoAppRDCTest"/>
  <system-out/>
  <testcase name="loginTest" time="55.653" classname="app.tests.SauceDemoAppRDCTest"/>
  <system-out/>
  <testcase name="loginTest" time="84.014" classname="app.tests.SauceDemoAppRDCTest"/>
  <system-out/>
  <testcase name="loginTest" time="41.837" classname="app.tests.SauceDemoAppRDCTest"/>
  <system-out/>
  <testcase name="loginTest" time="45.751" classname="app.tests.SauceDemoAppRDCTest"/>
  <system-out/>
</testsuite> <!-- app.tests.SauceDemoAppRDCTest -->
