<?xml version="1.0" encoding="UTF-8"?>
<!-- Generated by org.testng.reporters.JUnitReportReporter -->
<testsuite skipped="0" hostname="SL-1606" name="app.tests.SauceDemoAppRDCTest" tests="6" failures="0" timestamp="2021-08-20T15:29:50 AEST" time="317.348" errors="0">
  <testcase name="loginTest" time="28.267" classname="app.tests.SauceDemoAppRDCTest"/>
  <system-out/>
  <testcase name="loginTest" time="67.312" classname="app.tests.SauceDemoAppRDCTest"/>
  <system-out/>
  <testcase name="loginTest" time="28.492" classname="app.tests.SauceDemoAppRDCTest"/>
  <system-out/>
  <testcase name="loginTest" time="38.541" classname="app.tests.SauceDemoAppRDCTest"/>
  <system-out/>
  <testcase name="loginTest" time="78.002" classname="app.tests.SauceDemoAppRDCTest"/>
  <system-out/>
  <testcase name="loginTest" time="76.734" classname="app.tests.SauceDemoAppRDCTest"/>
  <system-out/>
</testsuite> <!-- app.tests.SauceDemoAppRDCTest -->
