<?xml version="1.0" encoding="UTF-8"?>
<!-- Generated by org.testng.reporters.JUnitReportReporter -->
<testsuite skipped="0" hostname="SL-1606" name="web.tests.MyEnd2EndTest" tests="10" failures="0" timestamp="2021-08-24T19:59:49 AEST" time="318.664" errors="0">
  <testcase name="loginTest" time="16.069" classname="web.tests.MyEnd2EndTest"/>
  <system-out/>
  <testcase name="loginTest" time="22.977" classname="web.tests.MyEnd2EndTest"/>
  <system-out/>
  <testcase name="loginTest" time="69.551" classname="web.tests.MyEnd2EndTest"/>
  <system-out/>
  <testcase name="loginTest" time="22.709" classname="web.tests.MyEnd2EndTest"/>
  <system-out/>
  <testcase name="loginTest" time="81.858" classname="web.tests.MyEnd2EndTest"/>
  <system-out/>
  <testcase name="loginTest" time="17.289" classname="web.tests.MyEnd2EndTest"/>
  <system-out/>
  <testcase name="loginTest" time="23.009" classname="web.tests.MyEnd2EndTest"/>
  <system-out/>
  <testcase name="loginTest" time="23.032" classname="web.tests.MyEnd2EndTest"/>
  <system-out/>
  <testcase name="loginTest" time="18.659" classname="web.tests.MyEnd2EndTest"/>
  <system-out/>
  <testcase name="loginTest" time="23.511" classname="web.tests.MyEnd2EndTest"/>
  <system-out/>
</testsuite> <!-- web.tests.MyEnd2EndTest -->
